24-06-15.00:08:01.868 [main            ] INFO  StrategyAwardDaoTest   - Starting StrategyAwardDaoTest using Java 1.8.0_152 on LAPTOP-6JRG2D2F with PID 19424 (started by 666 in D:\workplace02\big-market\big-market-app)
24-06-15.00:08:01.869 [main            ] INFO  StrategyAwardDaoTest   - The following 1 profile is active: "dev"
24-06-15.00:08:03.625 [main            ] INFO  StrategyAwardDaoTest   - Started StrategyAwardDaoTest in 2.14 seconds (JVM running for 2.841)
24-06-15.00:08:03.828 [main            ] INFO  HikariDataSource       - HikariPool-1 - Starting...
24-06-15.00:08:03.988 [main            ] INFO  HikariDataSource       - HikariPool-1 - Start completed.
24-06-15.00:08:04.170 [main            ] INFO  StrategyAwardDaoTest   - 测试结果:[{"strategyId":100001},{"strategyId":100001},{"strategyId":100001},{"strategyId":100001},{"strategyId":100001},{"strategyId":100001},{"strategyId":100001},{"strategyId":100001},{"strategyId":100001}]
24-06-15.00:08:04.179 [SpringApplicationShutdownHook] INFO  HikariDataSource       - HikariPool-1 - Shutdown initiated...
24-06-15.00:08:04.185 [SpringApplicationShutdownHook] INFO  HikariDataSource       - HikariPool-1 - Shutdown completed.
24-06-15.00:08:57.426 [main            ] INFO  StrategyDaoTest        - Starting StrategyDaoTest using Java 1.8.0_152 on LAPTOP-6JRG2D2F with PID 22268 (started by 666 in D:\workplace02\big-market\big-market-app)
24-06-15.00:08:57.427 [main            ] INFO  StrategyDaoTest        - The following 1 profile is active: "dev"
24-06-15.00:08:59.161 [main            ] INFO  StrategyDaoTest        - Started StrategyDaoTest in 2.133 seconds (JVM running for 2.877)
24-06-15.00:08:59.356 [main            ] INFO  HikariDataSource       - HikariPool-1 - Starting...
24-06-15.00:08:59.549 [main            ] INFO  HikariDataSource       - HikariPool-1 - Start completed.
24-06-15.00:08:59.767 [main            ] INFO  StrategyDaoTest        - 测试结果:[{"strategyId":100001}]
24-06-15.00:08:59.777 [SpringApplicationShutdownHook] INFO  HikariDataSource       - HikariPool-1 - Shutdown initiated...
24-06-15.00:08:59.782 [SpringApplicationShutdownHook] INFO  HikariDataSource       - HikariPool-1 - Shutdown completed.
24-06-15.00:09:50.328 [main            ] INFO  StrategyRuleDaoTest    - Starting StrategyRuleDaoTest using Java 1.8.0_152 on LAPTOP-6JRG2D2F with PID 22396 (started by 666 in D:\workplace02\big-market\big-market-app)
24-06-15.00:09:50.329 [main            ] INFO  StrategyRuleDaoTest    - The following 1 profile is active: "dev"
24-06-15.00:09:52.092 [main            ] INFO  StrategyRuleDaoTest    - Started StrategyRuleDaoTest in 2.15 seconds (JVM running for 2.87)
24-06-15.00:09:52.297 [main            ] INFO  HikariDataSource       - HikariPool-1 - Starting...
24-06-15.00:09:52.471 [main            ] INFO  HikariDataSource       - HikariPool-1 - Start completed.
24-06-15.00:09:52.661 [main            ] INFO  StrategyRuleDaoTest    - 测试结果:[{"strategyId":100001},{"strategyId":100001},{"strategyId":100001},{"strategyId":100001},{"strategyId":100001},{"strategyId":100001},{"strategyId":100001},{"strategyId":100001},{"strategyId":100001},{"strategyId":100001}]
24-06-15.00:09:52.668 [SpringApplicationShutdownHook] INFO  HikariDataSource       - HikariPool-1 - Shutdown initiated...
24-06-15.00:09:52.674 [SpringApplicationShutdownHook] INFO  HikariDataSource       - HikariPool-1 - Shutdown completed.
